Project migration to XML Schema (XSD) version 95 is completed.
Project migration to XML Schema (XSD) version 96 is completed.
Project migration to XML Schema (XSD) version 97 is completed.
Project migration to XML Schema (XSD) version 98 is completed.
Project migration to XML Schema (XSD) version 99 is completed.
Project migration to XML Schema (XSD) version 100 is completed.
Project migration to XML Schema (XSD) version 101 is completed.
Project migration to XML Schema (XSD) version 102 is completed.
Project migration to XML Schema (XSD) version 103 is completed.
The Plug-in 'SoundSeed Air Wind' was not found for '\Actor-Mixer Hierarchy\Factory SoundSeed Air Objects\Static Presets (wave file substitutions)\Non-Windy Ambiences\Surf\Surf\SoundSeed Wind'. Edition and playback won't be available for this object.
The source '\Actor-Mixer Hierarchy\Factory SoundSeed Air Objects\Static Presets (wave file substitutions)\Non-Windy Ambiences\Surf\Surf\SoundSeed Wind' uses the source plugin 'SoundSeed Air Wind', which is not installed.
The Plug-in 'SoundSeed Air Wind' was not found for '\Actor-Mixer Hierarchy\Factory SoundSeed Air Objects\Static Presets (wave file substitutions)\Non-Windy Ambiences\Surf\Random Wavebreak\Random_Wave01\SoundSeed Wind'. Edition and playback won't be available for this object.
The source '\Actor-Mixer Hierarchy\Factory SoundSeed Air Objects\Static Presets (wave file substitutions)\Non-Windy Ambiences\Surf\Random Wavebreak\Random_Wave01\SoundSeed Wind' uses the source plugin 'SoundSeed Air Wind', which is not installed.
The Plug-in 'SoundSeed Air Wind' was not found for '\Actor-Mixer Hierarchy\Factory SoundSeed Air Objects\Static Presets (wave file substitutions)\Non-Windy Ambiences\Surf\Random Wavebreak\Random_Wave02\SoundSeed Wind'. Edition and playback won't be available for this object.
The source '\Actor-Mixer Hierarchy\Factory SoundSeed Air Objects\Static Presets (wave file substitutions)\Non-Windy Ambiences\Surf\Random Wavebreak\Random_Wave02\SoundSeed Wind' uses the source plugin 'SoundSeed Air Wind', which is not installed.
The Plug-in 'SoundSeed Air Wind' was not found for '\Actor-Mixer Hierarchy\Factory SoundSeed Air Objects\Static Presets (wave file substitutions)\Non-Windy Ambiences\Surf\Random Wavebreak\Random_Wave03\SoundSeed Wind'. Edition and playback won't be available for this object.
The source '\Actor-Mixer Hierarchy\Factory SoundSeed Air Objects\Static Presets (wave file substitutions)\Non-Windy Ambiences\Surf\Random Wavebreak\Random_Wave03\SoundSeed Wind' uses the source plugin 'SoundSeed Air Wind', which is not installed.
The Plug-in 'SoundSeed Air Wind' was not found for '\Actor-Mixer Hierarchy\Factory SoundSeed Air Objects\Static Presets (wave file substitutions)\Non-Windy Ambiences\Urban Scene\Background City Noise\Ville'. Edition and playback won't be available for this object.
The source '\Actor-Mixer Hierarchy\Factory SoundSeed Air Objects\Static Presets (wave file substitutions)\Non-Windy Ambiences\Urban Scene\Background City Noise\Ville' uses the source plugin 'SoundSeed Air Wind', which is not installed.
The Plug-in 'SoundSeed Air Woosh' was not found for '\Actor-Mixer Hierarchy\Factory SoundSeed Air Objects\Static Presets (wave file substitutions)\Non-Windy Ambiences\Urban Scene\Random Car Pass-by_02\Car Pass-by\SoundSeed Woosh'. Edition and playback won't be available for this object.
The source '\Actor-Mixer Hierarchy\Factory SoundSeed Air Objects\Static Presets (wave file substitutions)\Non-Windy Ambiences\Urban Scene\Random Car Pass-by_02\Car Pass-by\SoundSeed Woosh' uses the source plugin 'SoundSeed Air Woosh', which is not installed.
The Plug-in 'SoundSeed Air Woosh' was not found for '\Actor-Mixer Hierarchy\Factory SoundSeed Air Objects\Static Presets (wave file substitutions)\Non-Windy Ambiences\Urban Scene\Random Car Pass-by_01\Car Pass-by\SoundSeed Woosh'. Edition and playback won't be available for this object.
The source '\Actor-Mixer Hierarchy\Factory SoundSeed Air Objects\Static Presets (wave file substitutions)\Non-Windy Ambiences\Urban Scene\Random Car Pass-by_01\Car Pass-by\SoundSeed Woosh' uses the source plugin 'SoundSeed Air Woosh', which is not installed.
The Plug-in 'SoundSeed Air Woosh' was not found for '\Actor-Mixer Hierarchy\Factory SoundSeed Air Objects\Static Presets (wave file substitutions)\Non-Windy Ambiences\Urban Scene\Random Car Pass-by_03\Car Pass-by\SoundSeed Woosh'. Edition and playback won't be available for this object.
The source '\Actor-Mixer Hierarchy\Factory SoundSeed Air Objects\Static Presets (wave file substitutions)\Non-Windy Ambiences\Urban Scene\Random Car Pass-by_03\Car Pass-by\SoundSeed Woosh' uses the source plugin 'SoundSeed Air Woosh', which is not installed.
The Plug-in 'SoundSeed Air Woosh' was not found for '\Actor-Mixer Hierarchy\Factory SoundSeed Air Objects\Static Presets (wave file substitutions)\Non-Windy Ambiences\Urban Scene\Random Car Pass-by_04\Car Pass-by\SoundSeed Woosh'. Edition and playback won't be available for this object.
The source '\Actor-Mixer Hierarchy\Factory SoundSeed Air Objects\Static Presets (wave file substitutions)\Non-Windy Ambiences\Urban Scene\Random Car Pass-by_04\Car Pass-by\SoundSeed Woosh' uses the source plugin 'SoundSeed Air Woosh', which is not installed.
The Plug-in 'SoundSeed Air Woosh' was not found for '\Actor-Mixer Hierarchy\Factory SoundSeed Air Objects\Static Presets (wave file substitutions)\Non-Windy Ambiences\Urban Scene\Random Car Pass-by_05\Car Pass-by\SoundSeed Woosh'. Edition and playback won't be available for this object.
The source '\Actor-Mixer Hierarchy\Factory SoundSeed Air Objects\Static Presets (wave file substitutions)\Non-Windy Ambiences\Urban Scene\Random Car Pass-by_05\Car Pass-by\SoundSeed Woosh' uses the source plugin 'SoundSeed Air Woosh', which is not installed.
The Plug-in 'SoundSeed Air Woosh' was not found for '\Actor-Mixer Hierarchy\Factory SoundSeed Air Objects\Static Presets (wave file substitutions)\Non-Windy Ambiences\Urban Scene\Random Car Pass-by_06\Car Pass-by\SoundSeed Woosh'. Edition and playback won't be available for this object.
The source '\Actor-Mixer Hierarchy\Factory SoundSeed Air Objects\Static Presets (wave file substitutions)\Non-Windy Ambiences\Urban Scene\Random Car Pass-by_06\Car Pass-by\SoundSeed Woosh' uses the source plugin 'SoundSeed Air Woosh', which is not installed.
The Plug-in 'SoundSeed Air Woosh' was not found for '\Actor-Mixer Hierarchy\Factory SoundSeed Air Objects\Static Presets (wave file substitutions)\Weapons\Zorro\SoundSeed Woosh'. Edition and playback won't be available for this object.
The source '\Actor-Mixer Hierarchy\Factory SoundSeed Air Objects\Static Presets (wave file substitutions)\Weapons\Zorro\SoundSeed Woosh' uses the source plugin 'SoundSeed Air Woosh', which is not installed.
The Plug-in 'SoundSeed Air Woosh' was not found for '\Actor-Mixer Hierarchy\Factory SoundSeed Air Objects\Static Presets (wave file substitutions)\Weapons\Fly-By Dagger\SoundSeed Woosh'. Edition and playback won't be available for this object.
The source '\Actor-Mixer Hierarchy\Factory SoundSeed Air Objects\Static Presets (wave file substitutions)\Weapons\Fly-By Dagger\SoundSeed Woosh' uses the source plugin 'SoundSeed Air Woosh', which is not installed.
The Plug-in 'SoundSeed Air Woosh' was not found for '\Actor-Mixer Hierarchy\Factory SoundSeed Air Objects\Static Presets (wave file substitutions)\Weapons\Generic Weapon Swing\SoundSeed Woosh'. Edition and playback won't be available for this object.
The source '\Actor-Mixer Hierarchy\Factory SoundSeed Air Objects\Static Presets (wave file substitutions)\Weapons\Generic Weapon Swing\SoundSeed Woosh' uses the source plugin 'SoundSeed Air Woosh', which is not installed.
The Plug-in 'SoundSeed Air Woosh' was not found for '\Actor-Mixer Hierarchy\Factory SoundSeed Air Objects\Static Presets (wave file substitutions)\Weapons\Ogre's Club Swing\SoundSeed Woosh'. Edition and playback won't be available for this object.
The source '\Actor-Mixer Hierarchy\Factory SoundSeed Air Objects\Static Presets (wave file substitutions)\Weapons\Ogre's Club Swing\SoundSeed Woosh' uses the source plugin 'SoundSeed Air Woosh', which is not installed.
The Plug-in 'SoundSeed Air Woosh' was not found for '\Actor-Mixer Hierarchy\Factory SoundSeed Air Objects\Static Presets (wave file substitutions)\Weapons\Wooden Staff\SoundSeed Woosh'. Edition and playback won't be available for this object.
The source '\Actor-Mixer Hierarchy\Factory SoundSeed Air Objects\Static Presets (wave file substitutions)\Weapons\Wooden Staff\SoundSeed Woosh' uses the source plugin 'SoundSeed Air Woosh', which is not installed.
The Plug-in 'SoundSeed Air Woosh' was not found for '\Actor-Mixer Hierarchy\Factory SoundSeed Air Objects\Static Presets (wave file substitutions)\Weapons\Arrows\Arrows_03\Arrow\SoundSeed Air Woosh'. Edition and playback won't be available for this object.
The source '\Actor-Mixer Hierarchy\Factory SoundSeed Air Objects\Static Presets (wave file substitutions)\Weapons\Arrows\Arrows_03\Arrow\SoundSeed Air Woosh' uses the source plugin 'SoundSeed Air Woosh', which is not installed.
The Plug-in 'SoundSeed Air Woosh' was not found for '\Actor-Mixer Hierarchy\Factory SoundSeed Air Objects\Static Presets (wave file substitutions)\Weapons\Arrows\Arrows_01\Arrow\SoundSeed Air Woosh'. Edition and playback won't be available for this object.
The source '\Actor-Mixer Hierarchy\Factory SoundSeed Air Objects\Static Presets (wave file substitutions)\Weapons\Arrows\Arrows_01\Arrow\SoundSeed Air Woosh' uses the source plugin 'SoundSeed Air Woosh', which is not installed.
The Plug-in 'SoundSeed Air Woosh' was not found for '\Actor-Mixer Hierarchy\Factory SoundSeed Air Objects\Static Presets (wave file substitutions)\Weapons\Arrows\Arrows_02\Arrow\SoundSeed Air Woosh'. Edition and playback won't be available for this object.
The source '\Actor-Mixer Hierarchy\Factory SoundSeed Air Objects\Static Presets (wave file substitutions)\Weapons\Arrows\Arrows_02\Arrow\SoundSeed Air Woosh' uses the source plugin 'SoundSeed Air Woosh', which is not installed.
The Plug-in 'SoundSeed Air Woosh' was not found for '\Actor-Mixer Hierarchy\Factory SoundSeed Air Objects\Static Presets (wave file substitutions)\Weapons\Arrows\Arrows_04\Arrow\SoundSeed Air Woosh'. Edition and playback won't be available for this object.
The source '\Actor-Mixer Hierarchy\Factory SoundSeed Air Objects\Static Presets (wave file substitutions)\Weapons\Arrows\Arrows_04\Arrow\SoundSeed Air Woosh' uses the source plugin 'SoundSeed Air Woosh', which is not installed.
The Plug-in 'SoundSeed Air Woosh' was not found for '\Actor-Mixer Hierarchy\Factory SoundSeed Air Objects\Static Presets (wave file substitutions)\Weapons\Arrows\Arrows_05\Arrow\SoundSeed Air Woosh'. Edition and playback won't be available for this object.
The source '\Actor-Mixer Hierarchy\Factory SoundSeed Air Objects\Static Presets (wave file substitutions)\Weapons\Arrows\Arrows_05\Arrow\SoundSeed Air Woosh' uses the source plugin 'SoundSeed Air Woosh', which is not installed.
The Plug-in 'SoundSeed Air Woosh' was not found for '\Actor-Mixer Hierarchy\Factory SoundSeed Air Objects\Static Presets (wave file substitutions)\Weapons\Arrows\Arrows_06\Arrow\SoundSeed Air Woosh'. Edition and playback won't be available for this object.
The source '\Actor-Mixer Hierarchy\Factory SoundSeed Air Objects\Static Presets (wave file substitutions)\Weapons\Arrows\Arrows_06\Arrow\SoundSeed Air Woosh' uses the source plugin 'SoundSeed Air Woosh', which is not installed.
The Plug-in 'SoundSeed Air Woosh' was not found for '\Actor-Mixer Hierarchy\Factory SoundSeed Air Objects\Static Presets (wave file substitutions)\Golf Club\SoundSeed Woosh'. Edition and playback won't be available for this object.
The source '\Actor-Mixer Hierarchy\Factory SoundSeed Air Objects\Static Presets (wave file substitutions)\Golf Club\SoundSeed Woosh' uses the source plugin 'SoundSeed Air Woosh', which is not installed.
The Plug-in 'SoundSeed Air Wind' was not found for '\Actor-Mixer Hierarchy\Factory SoundSeed Air Objects\Static Presets (wave file substitutions)\Wind Ambiences\Eerie Tunnel\SoundSeed Air Wind'. Edition and playback won't be available for this object.
The source '\Actor-Mixer Hierarchy\Factory SoundSeed Air Objects\Static Presets (wave file substitutions)\Wind Ambiences\Eerie Tunnel\SoundSeed Air Wind' uses the source plugin 'SoundSeed Air Wind', which is not installed.
The Plug-in 'SoundSeed Air Wind' was not found for '\Actor-Mixer Hierarchy\Factory SoundSeed Air Objects\Static Presets (wave file substitutions)\Wind Ambiences\Grove\SoundSeed Air Wind'. Edition and playback won't be available for this object.
The source '\Actor-Mixer Hierarchy\Factory SoundSeed Air Objects\Static Presets (wave file substitutions)\Wind Ambiences\Grove\SoundSeed Air Wind' uses the source plugin 'SoundSeed Air Wind', which is not installed.
The Plug-in 'SoundSeed Air Wind' was not found for '\Actor-Mixer Hierarchy\Factory SoundSeed Air Objects\Static Presets (wave file substitutions)\Wind Ambiences\Polar Winds\SoundSeed Air Wind'. Edition and playback won't be available for this object.
The source '\Actor-Mixer Hierarchy\Factory SoundSeed Air Objects\Static Presets (wave file substitutions)\Wind Ambiences\Polar Winds\SoundSeed Air Wind' uses the source plugin 'SoundSeed Air Wind', which is not installed.
The Plug-in 'SoundSeed Air Wind' was not found for '\Actor-Mixer Hierarchy\Factory SoundSeed Air Objects\Static Presets (wave file substitutions)\Wind Ambiences\Weeping Willows\SoundSeed Air Wind'. Edition and playback won't be available for this object.
The source '\Actor-Mixer Hierarchy\Factory SoundSeed Air Objects\Static Presets (wave file substitutions)\Wind Ambiences\Weeping Willows\SoundSeed Air Wind' uses the source plugin 'SoundSeed Air Wind', which is not installed.
The Plug-in 'SoundSeed Air Woosh' was not found for '\Actor-Mixer Hierarchy\Factory SoundSeed Air Objects\Game Driven Presets\Vehicles\Chopper\SoundSeed Air Woosh'. Edition and playback won't be available for this object.
The source '\Actor-Mixer Hierarchy\Factory SoundSeed Air Objects\Game Driven Presets\Vehicles\Chopper\SoundSeed Air Woosh' uses the source plugin 'SoundSeed Air Woosh', which is not installed.
The Plug-in 'SoundSeed Air Woosh' was not found for '\Actor-Mixer Hierarchy\Factory SoundSeed Air Objects\Game Driven Presets\Vehicles\Locomotive\SoundSeed Air Woosh'. Edition and playback won't be available for this object.
The source '\Actor-Mixer Hierarchy\Factory SoundSeed Air Objects\Game Driven Presets\Vehicles\Locomotive\SoundSeed Air Woosh' uses the source plugin 'SoundSeed Air Woosh', which is not installed.
The Plug-in 'SoundSeed Air Woosh' was not found for '\Actor-Mixer Hierarchy\Factory SoundSeed Air Objects\Game Driven Presets\Vehicles\Car Pass-by\SoundSeed Woosh'. Edition and playback won't be available for this object.
The source '\Actor-Mixer Hierarchy\Factory SoundSeed Air Objects\Game Driven Presets\Vehicles\Car Pass-by\SoundSeed Woosh' uses the source plugin 'SoundSeed Air Woosh', which is not installed.
The Plug-in 'SoundSeed Air Wind' was not found for '\Actor-Mixer Hierarchy\Factory SoundSeed Air Objects\Game Driven Presets\Vehicles\Airplane\Jets\SoundSeed Air Wind'. Edition and playback won't be available for this object.
The source '\Actor-Mixer Hierarchy\Factory SoundSeed Air Objects\Game Driven Presets\Vehicles\Airplane\Jets\SoundSeed Air Wind' uses the source plugin 'SoundSeed Air Wind', which is not installed.
The Plug-in 'SoundSeed Air Wind' was not found for '\Actor-Mixer Hierarchy\Factory SoundSeed Air Objects\Game Driven Presets\Vehicles\Airplane\Rumble\SoundSeed Air Wind'. Edition and playback won't be available for this object.
The source '\Actor-Mixer Hierarchy\Factory SoundSeed Air Objects\Game Driven Presets\Vehicles\Airplane\Rumble\SoundSeed Air Wind' uses the source plugin 'SoundSeed Air Wind', which is not installed.
The Plug-in 'SoundSeed Air Woosh' was not found for '\Actor-Mixer Hierarchy\Factory SoundSeed Air Objects\Game Driven Presets\Weapons\Arrows\Arrow\SoundSeed Air Woosh'. Edition and playback won't be available for this object.
The source '\Actor-Mixer Hierarchy\Factory SoundSeed Air Objects\Game Driven Presets\Weapons\Arrows\Arrow\SoundSeed Air Woosh' uses the source plugin 'SoundSeed Air Woosh', which is not installed.
The Plug-in 'SoundSeed Air Woosh' was not found for '\Actor-Mixer Hierarchy\Factory SoundSeed Air Objects\Game Driven Presets\Weapons\Fly-By Dagger\SoundSeed Woosh'. Edition and playback won't be available for this object.
The source '\Actor-Mixer Hierarchy\Factory SoundSeed Air Objects\Game Driven Presets\Weapons\Fly-By Dagger\SoundSeed Woosh' uses the source plugin 'SoundSeed Air Woosh', which is not installed.
The Plug-in 'SoundSeed Air Woosh' was not found for '\Actor-Mixer Hierarchy\Factory SoundSeed Air Objects\Game Driven Presets\Weapons\Generic Weapon Swing\SoundSeed Woosh'. Edition and playback won't be available for this object.
The source '\Actor-Mixer Hierarchy\Factory SoundSeed Air Objects\Game Driven Presets\Weapons\Generic Weapon Swing\SoundSeed Woosh' uses the source plugin 'SoundSeed Air Woosh', which is not installed.
The Plug-in 'SoundSeed Air Woosh' was not found for '\Actor-Mixer Hierarchy\Factory SoundSeed Air Objects\Game Driven Presets\Weapons\Ogre's Club Swing\SoundSeed Woosh'. Edition and playback won't be available for this object.
The source '\Actor-Mixer Hierarchy\Factory SoundSeed Air Objects\Game Driven Presets\Weapons\Ogre's Club Swing\SoundSeed Woosh' uses the source plugin 'SoundSeed Air Woosh', which is not installed.
The Plug-in 'SoundSeed Air Woosh' was not found for '\Actor-Mixer Hierarchy\Factory SoundSeed Air Objects\Game Driven Presets\Weapons\Wooden Staff\SoundSeed Woosh'. Edition and playback won't be available for this object.
The source '\Actor-Mixer Hierarchy\Factory SoundSeed Air Objects\Game Driven Presets\Weapons\Wooden Staff\SoundSeed Woosh' uses the source plugin 'SoundSeed Air Woosh', which is not installed.
The Plug-in 'SoundSeed Air Wind' was not found for '\Actor-Mixer Hierarchy\Factory SoundSeed Air Objects\Game Driven Presets\Wind Ambiences\Eerie Tunnel\SoundSeed Air Wind'. Edition and playback won't be available for this object.
The source '\Actor-Mixer Hierarchy\Factory SoundSeed Air Objects\Game Driven Presets\Wind Ambiences\Eerie Tunnel\SoundSeed Air Wind' uses the source plugin 'SoundSeed Air Wind', which is not installed.
The Plug-in 'SoundSeed Air Wind' was not found for '\Actor-Mixer Hierarchy\Factory SoundSeed Air Objects\Game Driven Presets\Wind Ambiences\Grove\SoundSeed Air Wind'. Edition and playback won't be available for this object.
The source '\Actor-Mixer Hierarchy\Factory SoundSeed Air Objects\Game Driven Presets\Wind Ambiences\Grove\SoundSeed Air Wind' uses the source plugin 'SoundSeed Air Wind', which is not installed.
The Plug-in 'SoundSeed Air Wind' was not found for '\Actor-Mixer Hierarchy\Factory SoundSeed Air Objects\Game Driven Presets\Wind Ambiences\Kansas\SoundSeed Air Wind'. Edition and playback won't be available for this object.
The source '\Actor-Mixer Hierarchy\Factory SoundSeed Air Objects\Game Driven Presets\Wind Ambiences\Kansas\SoundSeed Air Wind' uses the source plugin 'SoundSeed Air Wind', which is not installed.
The Plug-in 'SoundSeed Air Wind' was not found for '\Actor-Mixer Hierarchy\Factory SoundSeed Air Objects\Game Driven Presets\Wind Ambiences\Polar Winds\SoundSeed Air Wind'. Edition and playback won't be available for this object.
The source '\Actor-Mixer Hierarchy\Factory SoundSeed Air Objects\Game Driven Presets\Wind Ambiences\Polar Winds\SoundSeed Air Wind' uses the source plugin 'SoundSeed Air Wind', which is not installed.
The Plug-in 'SoundSeed Air Wind' was not found for '\Actor-Mixer Hierarchy\Factory SoundSeed Air Objects\Game Driven Presets\Wind Ambiences\Weeping Willows\SoundSeed Air Wind'. Edition and playback won't be available for this object.
The source '\Actor-Mixer Hierarchy\Factory SoundSeed Air Objects\Game Driven Presets\Wind Ambiences\Weeping Willows\SoundSeed Air Wind' uses the source plugin 'SoundSeed Air Wind', which is not installed.
The Plug-in 'SoundSeed Air Woosh' was not found for '\Actor-Mixer Hierarchy\Factory SoundSeed Air Objects\Game Driven Presets\Wings\SoundSeed Air Woosh'. Edition and playback won't be available for this object.
The source '\Actor-Mixer Hierarchy\Factory SoundSeed Air Objects\Game Driven Presets\Wings\SoundSeed Air Woosh' uses the source plugin 'SoundSeed Air Woosh', which is not installed.
The Plug-in 'SoundSeed Air Wind' was not found for '\Actor-Mixer Hierarchy\Factory SoundSeed Air Objects\Game Driven Presets\Waterfall\SoundSeed Wind'. Edition and playback won't be available for this object.
The source '\Actor-Mixer Hierarchy\Factory SoundSeed Air Objects\Game Driven Presets\Waterfall\SoundSeed Wind' uses the source plugin 'SoundSeed Air Wind', which is not installed.
The Plug-in 'SoundSeed Air Wind' was not found for '\Actor-Mixer Hierarchy\Factory SoundSeed Air Objects\Game Driven Presets\Parachute Jump\SoundSeed Air Wind'. Edition and playback won't be available for this object.
The source '\Actor-Mixer Hierarchy\Factory SoundSeed Air Objects\Game Driven Presets\Parachute Jump\SoundSeed Air Wind' uses the source plugin 'SoundSeed Air Wind', which is not installed.
The default work unit '\Metadata\Default Work Unit' is missing.  It has been created. If your project is under source control, remember to add this file.
Some new object properties have been added or obsolete properties deleted. The project file was updated. These changes will not have an impact on your project.
